<?xml version="1.0" encoding="utf-8" standalone="no"?>
<!--This file represents the results of running a test suite-->
<test-results name="D:\GitHub\source-code-watermark\unit-test\bin\Debug\SourceCodeWatermarkUnitTests.dll" total="8" errors="0" failures="0" not-run="0" inconclusive="0" ignored="0" skipped="0" invalid="0" date="2014-01-20" time="11:28:42">
  <environment nunit-version="2.6.2.12296" clr-version="2.0.50727.5472" os-version="Microsoft Windows NT 6.1.7601 Service Pack 1" platform="Win32NT" cwd="D:\GitHub\source-code-watermark\unit-test" machine-name="SLB-HJ6WLX1" user="JCuyper" user-domain="DIR" />
  <culture-info current-culture="en-US" current-uiculture="en-US" />
  <test-suite type="Assembly" name="D:\GitHub\source-code-watermark\unit-test\bin\Debug\SourceCodeWatermarkUnitTests.dll" executed="True" result="Success" success="True" time="0.103" asserts="0">
    <results>
      <test-suite type="Namespace" name="SourceCodeWatermarkUnitTests" executed="True" result="Success" success="True" time="0.087" asserts="0">
        <results>
          <test-suite type="Namespace" name="API" executed="True" result="Success" success="True" time="0.087" asserts="0">
            <results>
              <test-suite type="TestFixture" name="FileExtensionTest" executed="True" result="Success" success="True" time="0.086" asserts="0">
                <results>
                  <test-case name="SourceCodeWatermarkUnitTests.API.FileExtensionTest.SettingsFileDoesNotExist" executed="True" result="Success" success="True" time="0.036" asserts="1" />
                  <test-case name="SourceCodeWatermarkUnitTests.API.FileExtensionTest.SettingsFileEmpty" executed="True" result="Success" success="True" time="0.015" asserts="1" />
                  <test-case name="SourceCodeWatermarkUnitTests.API.FileExtensionTest.SettingsFileExists" executed="True" result="Success" success="True" time="0.001" asserts="1" />
                  <test-case name="SourceCodeWatermarkUnitTests.API.FileExtensionTest.SettingsFileExtraEmptyLines" executed="True" result="Success" success="True" time="0.011" asserts="4" />
                  <test-case name="SourceCodeWatermarkUnitTests.API.FileExtensionTest.SettingsFileInvalidFormat" executed="True" result="Success" success="True" time="0.000" asserts="1" />
                  <test-case name="SourceCodeWatermarkUnitTests.API.FileExtensionTest.SettingsFileOne" executed="True" result="Success" success="True" time="0.000" asserts="4" />
                  <test-case name="SourceCodeWatermarkUnitTests.API.FileExtensionTest.SettingsFileOneWithExtraSpaces" executed="True" result="Success" success="True" time="0.000" asserts="4" />
                  <test-case name="SourceCodeWatermarkUnitTests.API.FileExtensionTest.SettingsFileTwo" executed="True" result="Success" success="True" time="0.001" asserts="7" />
                </results>
              </test-suite>
            </results>
          </test-suite>
        </results>
      </test-suite>
    </results>
  </test-suite>
</test-results>